-------------------------------------------------------------------------------
Test set: se.nackademin.MagicNumberTest
-------------------------------------------------------------------------------
Tests run: 13, Failures: 1, Errors: 0, Skipped: 0, Time elapsed: 0.104 sec <<< FAILURE! - in se.nackademin.MagicNumberTest
testE(se.nackademin.MagicNumberTest)  Time elapsed: 0.014 sec  <<< FAILURE!
java.lang.AssertionError: E is not calculated correctly expected:<9> but was:<0>
	at se.nackademin.MagicNumberTest.testE(MagicNumberTest.java:52)

